2019-08-07 21:08:16.873  INFO 9744 --- [restartedMain] study.community.CommunityApplication     : Starting CommunityApplication on DESKTOP-FSN6342 with PID 9744 (D:\Code\community\target\classes started by khoing in D:\Code\community)
2019-08-07 21:08:16.873  INFO 9744 --- [restartedMain] study.community.CommunityApplication     : No active profile set, falling back to default profiles: default
2019-08-07 21:08:16.982  INFO 9744 --- [restartedMain] .e.DevToolsPropertyDefaultsPostProcessor : Devtools property defaults active! Set 'spring.devtools.add-properties' to 'false' to disable
2019-08-07 21:08:16.982  INFO 9744 --- [restartedMain] .e.DevToolsPropertyDefaultsPostProcessor : For additional web related logging consider setting the 'logging.level.web' property to 'DEBUG'
2019-08-07 21:08:19.373  INFO 9744 --- [restartedMain] o.s.b.w.embedded.tomcat.TomcatWebServer  : Tomcat initialized with port(s): 8888 (http)
2019-08-07 21:08:19.389  INFO 9744 --- [restartedMain] o.apache.catalina.core.StandardService   : Starting service [Tomcat]
2019-08-07 21:08:19.389  INFO 9744 --- [restartedMain] org.apache.catalina.core.StandardEngine  : Starting Servlet engine: [Apache Tomcat/9.0.21]
2019-08-07 21:08:19.545  INFO 9744 --- [restartedMain] o.a.c.c.C.[Tomcat].[localhost].[/]       : Initializing Spring embedded WebApplicationContext
2019-08-07 21:08:19.545  INFO 9744 --- [restartedMain] o.s.web.context.ContextLoader            : Root WebApplicationContext: initialization completed in 2563 ms
2019-08-07 21:08:20.389  INFO 9744 --- [restartedMain] o.s.s.concurrent.ThreadPoolTaskExecutor  : Initializing ExecutorService 'applicationTaskExecutor'
2019-08-07 21:08:20.592  INFO 9744 --- [restartedMain] o.s.b.a.w.s.WelcomePageHandlerMapping    : Adding welcome page template: index
2019-08-07 21:08:20.779  INFO 9744 --- [restartedMain] o.s.b.d.a.OptionalLiveReloadServer       : LiveReload server is running on port 35729
2019-08-07 21:08:20.842  INFO 9744 --- [restartedMain] o.s.b.w.embedded.tomcat.TomcatWebServer  : Tomcat started on port(s): 8888 (http) with context path ''
2019-08-07 21:08:20.842  INFO 9744 --- [restartedMain] study.community.CommunityApplication     : Started CommunityApplication in 4.688 seconds (JVM running for 7.145)
2019-08-07 21:12:24.191  INFO 9744 --- [http-nio-8888-exec-2] o.a.c.c.C.[Tomcat].[localhost].[/]       : Initializing Spring DispatcherServlet 'dispatcherServlet'
2019-08-07 21:12:24.192  INFO 9744 --- [http-nio-8888-exec-2] o.s.web.servlet.DispatcherServlet        : Initializing Servlet 'dispatcherServlet'
2019-08-07 21:12:24.205  INFO 9744 --- [http-nio-8888-exec-2] o.s.web.servlet.DispatcherServlet        : Completed initialization in 12 ms
2019-08-07 21:12:24.381  INFO 9744 --- [http-nio-8888-exec-2] com.zaxxer.hikari.HikariDataSource       : HikariPool-1 - Starting...
2019-08-07 21:12:25.096  INFO 9744 --- [http-nio-8888-exec-2] com.zaxxer.hikari.HikariDataSource       : HikariPool-1 - Start completed.
2019-08-07 21:12:25.131 DEBUG 9744 --- [http-nio-8888-exec-2] s.c.m.QuestionExtMapper.countBySearch    : ==>  Preparing: select count(*) from QUESTION 
2019-08-07 21:12:25.153 DEBUG 9744 --- [http-nio-8888-exec-2] s.c.m.QuestionExtMapper.countBySearch    : ==> Parameters: 
2019-08-07 21:12:25.171 DEBUG 9744 --- [http-nio-8888-exec-2] s.c.m.QuestionExtMapper.countBySearch    : <==      Total: 1
2019-08-07 21:12:25.175 DEBUG 9744 --- [http-nio-8888-exec-2] s.c.m.QuestionExtMapper.selectBySearch   : ==>  Preparing: select * from QUESTION order by gmt_create desc limit ?,? 
2019-08-07 21:12:25.179 DEBUG 9744 --- [http-nio-8888-exec-2] s.c.m.QuestionExtMapper.selectBySearch   : ==> Parameters: 0(Integer), 5(Integer)
2019-08-07 21:12:25.205 DEBUG 9744 --- [http-nio-8888-exec-2] s.c.m.QuestionExtMapper.selectBySearch   : <==      Total: 5
2019-08-07 21:12:25.238 DEBUG 9744 --- [http-nio-8888-exec-2] s.c.mapper.UserMapper.selectByExample    : ==>  Preparing: select ID, ACCOUNT_ID, NAME, TOKEN, GMT_CREATE, GMT_MODIFY, BIO, AVATAR_URL from USER WHERE ( ACCOUNT_ID = ? ) 
2019-08-07 21:12:25.241 DEBUG 9744 --- [http-nio-8888-exec-2] s.c.mapper.UserMapper.selectByExample    : ==> Parameters: 52462936(String)
2019-08-07 21:12:25.243 DEBUG 9744 --- [http-nio-8888-exec-2] s.c.mapper.UserMapper.selectByExample    : <==      Total: 1
2019-08-07 21:12:25.260 DEBUG 9744 --- [http-nio-8888-exec-2] s.c.mapper.UserMapper.selectByExample    : ==>  Preparing: select ID, ACCOUNT_ID, NAME, TOKEN, GMT_CREATE, GMT_MODIFY, BIO, AVATAR_URL from USER WHERE ( ACCOUNT_ID = ? ) 
2019-08-07 21:12:25.260 DEBUG 9744 --- [http-nio-8888-exec-2] s.c.mapper.UserMapper.selectByExample    : ==> Parameters: 52462936(String)
2019-08-07 21:12:25.261 DEBUG 9744 --- [http-nio-8888-exec-2] s.c.mapper.UserMapper.selectByExample    : <==      Total: 1
2019-08-07 21:12:25.263 DEBUG 9744 --- [http-nio-8888-exec-2] s.c.mapper.UserMapper.selectByExample    : ==>  Preparing: select ID, ACCOUNT_ID, NAME, TOKEN, GMT_CREATE, GMT_MODIFY, BIO, AVATAR_URL from USER WHERE ( ACCOUNT_ID = ? ) 
2019-08-07 21:12:25.263 DEBUG 9744 --- [http-nio-8888-exec-2] s.c.mapper.UserMapper.selectByExample    : ==> Parameters: 52462936(String)
2019-08-07 21:12:25.264 DEBUG 9744 --- [http-nio-8888-exec-2] s.c.mapper.UserMapper.selectByExample    : <==      Total: 1
2019-08-07 21:12:25.266 DEBUG 9744 --- [http-nio-8888-exec-2] s.c.mapper.UserMapper.selectByExample    : ==>  Preparing: select ID, ACCOUNT_ID, NAME, TOKEN, GMT_CREATE, GMT_MODIFY, BIO, AVATAR_URL from USER WHERE ( ACCOUNT_ID = ? ) 
2019-08-07 21:12:25.267 DEBUG 9744 --- [http-nio-8888-exec-2] s.c.mapper.UserMapper.selectByExample    : ==> Parameters: 52462936(String)
2019-08-07 21:12:25.268 DEBUG 9744 --- [http-nio-8888-exec-2] s.c.mapper.UserMapper.selectByExample    : <==      Total: 1
2019-08-07 21:12:25.269 DEBUG 9744 --- [http-nio-8888-exec-2] s.c.mapper.UserMapper.selectByExample    : ==>  Preparing: select ID, ACCOUNT_ID, NAME, TOKEN, GMT_CREATE, GMT_MODIFY, BIO, AVATAR_URL from USER WHERE ( ACCOUNT_ID = ? ) 
2019-08-07 21:12:25.270 DEBUG 9744 --- [http-nio-8888-exec-2] s.c.mapper.UserMapper.selectByExample    : ==> Parameters: 52462936(String)
2019-08-07 21:12:25.270 DEBUG 9744 --- [http-nio-8888-exec-2] s.c.mapper.UserMapper.selectByExample    : <==      Total: 1
